<?xml version="1.0" encoding="UTF-8"?>
<!-- Generated by org.testng.reporters.JUnitReportReporter -->
<testsuite hostname="AdityaMacbookPro.local" failures="0" tests="1" name="TitleValidationTest" time="0.040" errors="0" timestamp="2022-12-07T07:16:30 IST" skipped="0">
  <testcase classname="TitleValidationTest" name="validateTitle" time="0.040"/>
  <system-out/>
</testsuite> <!-- TitleValidationTest -->
