<?xml version="1.0" encoding="UTF-8"?>
<!-- Generated by org.testng.reporters.JUnitReportReporter -->
<testsuite hostname="AdityaMacbookPro.local" failures="0" tests="2" name="NewTest" time="0.024" errors="0" timestamp="2022-12-06T07:57:10 IST" skipped="0">
  <testcase classname="NewTest" name="f" time="0.022"/>
  <system-out/>
  <testcase classname="NewTest" name="f1" time="0.002"/>
  <system-out/>
</testsuite> <!-- NewTest -->
