<?xml version="1.0" encoding="UTF-8"?>
<!-- Generated by org.testng.reporters.JUnitReportReporter -->
<testsuite hostname="AdityaMacbookPro.local" failures="0" tests="1" name="TestDemo" time="0.014" errors="0" timestamp="2022-12-06T08:17:01 IST" skipped="0">
  <testcase classname="TestDemo" name="f" time="0.014"/>
  <system-out/>
</testsuite> <!-- TestDemo -->
