<?xml version="1.0" encoding="UTF-8"?>
<!-- Generated by org.testng.reporters.JUnitReportReporter -->
<testsuite hostname="AdityaMacbookPro.local" failures="0" tests="1" name="pom.pages.with.excel.BookMainApp" time="1.143" errors="0" timestamp="2022-12-15T08:15:52 IST" skipped="0">
  <testcase classname="pom.pages.with.excel.BookMainApp" name="testLogin" time="1.143"/>
  <system-out/>
</testsuite> <!-- pom.pages.with.excel.BookMainApp -->
