<?xml version="1.0" encoding="UTF-8"?>
<!-- Generated by org.testng.reporters.JUnitReportReporter -->
<testsuite hostname="AdityaMacbookPro.local" failures="0" tests="1" name="TitleValidationTest2" time="8.769" errors="0" timestamp="2022-12-07T08:15:47 IST" skipped="0">
  <testcase classname="TitleValidationTest2" name="reg" time="8.769"/>
  <system-out/>
</testsuite> <!-- TitleValidationTest2 -->
