<?xml version="1.0" encoding="UTF-8"?>
<!-- Generated by org.testng.reporters.JUnitReportReporter -->
<testsuite hostname="AdityaMacbookPro.local" failures="0" tests="1" name="AnnotationExample" time="0.047" errors="0" timestamp="2022-12-07T07:07:27 IST" skipped="0">
  <testcase classname="AnnotationExample" name="f" time="0.047"/>
  <system-out/>
</testsuite> <!-- AnnotationExample -->
